0 verbose cli /usr/local/bin/node /usr/local/bin/npm
1 info using npm@11.5.1
2 info using node@v20.19.4
3 silly config load:file:/usr/local/lib/node_modules/npm/npmrc
4 silly config load:file:/home/container/.npmrc
5 silly config load:file:/usr/local/etc/npmrc
6 verbose title npm install tmp-promise
7 verbose argv "install" "tmp-promise"
8 verbose logfile logs-max:10 dir:/home/container/.npm/_logs/2025-07-30T14_24_59_953Z-
9 verbose logfile /home/container/.npm/_logs/2025-07-30T14_24_59_953Z-debug-0.log
10 silly logfile start cleaning logs, removing 1 files
11 silly logfile done cleaning log files
12 silly packumentCache heap:2197815296 maxSize:549453824 maxEntrySize:274726912
13 silly idealTree buildDeps
14 silly fetch manifest tmp-promise@*
15 silly packumentCache full:https://registry.npmjs.org/tmp-promise cache-miss
16 verbose shrinkwrap failed to load node_modules/.package-lock.json out of date, updated: node_modules
17 http fetch GET 200 https://registry.npmjs.org/tmp-promise 315ms (cache revalidated)
18 silly packumentCache full:https://registry.npmjs.org/tmp-promise set size:41540 disposed:false
19 silly placeDep ROOT tmp-promise@3.0.3 OK for:  want: *
20 silly fetch manifest tmp@^0.2.0
21 silly packumentCache full:https://registry.npmjs.org/tmp cache-miss
22 http fetch GET 200 https://registry.npmjs.org/tmp 54ms (cache revalidated)
23 silly packumentCache full:https://registry.npmjs.org/tmp set size:70665 disposed:false
24 silly fetch manifest eslint@^6.0.0 || ^7.0.0 || >=8.0.0
25 silly packumentCache full:https://registry.npmjs.org/eslint cache-miss
26 http fetch GET 200 https://registry.npmjs.org/eslint 52ms (cache revalidated)
27 silly packumentCache full:https://registry.npmjs.org/eslint set size:1817897 disposed:false
28 silly fetch manifest jiti@*
29 silly packumentCache full:https://registry.npmjs.org/jiti cache-miss
30 http fetch GET 200 https://registry.npmjs.org/jiti 49ms (cache revalidated)
31 silly packumentCache full:https://registry.npmjs.org/jiti set size:373202 disposed:false
32 silly placeDep ROOT eslint@9.32.0 OK for: @eslint-community/eslint-utils@4.7.0 want: ^6.0.0 || ^7.0.0 || >=8.0.0
33 silly fetch manifest ajv@^6.12.4
34 silly packumentCache full:https://registry.npmjs.org/ajv cache-miss
35 silly fetch manifest chalk@^4.0.0
36 silly packumentCache full:https://registry.npmjs.org/chalk cache-miss
37 silly fetch manifest espree@^10.4.0
38 silly packumentCache full:https://registry.npmjs.org/espree cache-miss
39 http fetch GET 200 https://registry.npmjs.org/chalk 55ms (cache revalidated)
40 silly packumentCache full:https://registry.npmjs.org/chalk set size:122578 disposed:false
41 silly fetch manifest ignore@^5.2.0
42 silly packumentCache full:https://registry.npmjs.org/ignore cache-miss
43 http fetch GET 200 https://registry.npmjs.org/ajv 98ms (cache revalidated)
44 silly packumentCache full:https://registry.npmjs.org/ajv set size:1126055 disposed:false
45 silly fetch manifest esquery@^1.5.0
46 silly packumentCache full:https://registry.npmjs.org/esquery cache-miss
47 http fetch GET 200 https://registry.npmjs.org/espree 122ms (cache revalidated)
48 silly packumentCache full:https://registry.npmjs.org/espree set size:315544 disposed:false
49 silly fetch manifest esutils@^2.0.2
50 silly packumentCache full:https://registry.npmjs.org/esutils cache-miss
51 http fetch GET 200 https://registry.npmjs.org/ignore 70ms (cache revalidated)
52 silly packumentCache full:https://registry.npmjs.org/ignore set size:237380 disposed:false
53 silly fetch manifest find-up@^5.0.0
54 silly packumentCache full:https://registry.npmjs.org/find-up cache-miss
55 http fetch GET 200 https://registry.npmjs.org/esquery 74ms (cache revalidated)
56 silly packumentCache full:https://registry.npmjs.org/esquery set size:46301 disposed:false
57 silly fetch manifest minimatch@^3.1.2
58 silly packumentCache full:https://registry.npmjs.org/minimatch cache-miss
59 http fetch GET 200 https://registry.npmjs.org/find-up 61ms (cache revalidated)
60 silly packumentCache full:https://registry.npmjs.org/find-up set size:38503 disposed:false
61 silly fetch manifest @eslint/js@9.32.0
62 silly packumentCache full:https://registry.npmjs.org/@eslint%2fjs cache-miss
63 http fetch GET 200 https://registry.npmjs.org/esutils 75ms (cache revalidated)
64 silly packumentCache full:https://registry.npmjs.org/esutils set size:29522 disposed:false
65 silly fetch manifest optionator@^0.9.3
66 silly packumentCache full:https://registry.npmjs.org/optionator cache-miss
67 http fetch GET 200 https://registry.npmjs.org/optionator 57ms (cache revalidated)
68 silly packumentCache full:https://registry.npmjs.org/optionator set size:49651 disposed:false
69 silly fetch manifest cross-spawn@^7.0.6
70 silly packumentCache full:https://registry.npmjs.org/cross-spawn cache-miss
71 http fetch GET 200 https://registry.npmjs.org/minimatch 75ms (cache revalidated)
72 silly packumentCache full:https://registry.npmjs.org/minimatch set size:298903 disposed:false
73 silly fetch manifest glob-parent@^6.0.2
74 silly packumentCache full:https://registry.npmjs.org/glob-parent cache-miss
75 http fetch GET 200 https://registry.npmjs.org/cross-spawn 72ms (cache revalidated)
76 silly packumentCache full:https://registry.npmjs.org/cross-spawn set size:109066 disposed:false
77 silly fetch manifest imurmurhash@^0.1.4
78 silly packumentCache full:https://registry.npmjs.org/imurmurhash cache-miss
79 http fetch GET 200 https://registry.npmjs.org/glob-parent 76ms (cache revalidated)
80 silly packumentCache full:https://registry.npmjs.org/glob-parent set size:42445 disposed:false
81 silly fetch manifest @eslint/core@^0.15.0
82 silly packumentCache full:https://registry.npmjs.org/@eslint%2fcore cache-miss
83 http fetch GET 200 https://registry.npmjs.org/@eslint%2fjs 190ms (cache revalidated)
84 silly packumentCache full:https://registry.npmjs.org/@eslint%2fjs set size:117726 disposed:false
85 silly fetch manifest eslint-scope@^8.4.0
86 silly packumentCache full:https://registry.npmjs.org/eslint-scope cache-miss
87 http fetch GET 200 https://registry.npmjs.org/imurmurhash 74ms (cache revalidated)
88 silly packumentCache full:https://registry.npmjs.org/imurmurhash set size:35819 disposed:false
89 silly fetch manifest lodash.merge@^4.6.2
90 silly packumentCache full:https://registry.npmjs.org/lodash.merge cache-miss
91 http fetch GET 200 https://registry.npmjs.org/@eslint%2fcore 69ms (cache revalidated)
92 silly packumentCache full:https://registry.npmjs.org/@eslint%2fcore set size:38908 disposed:false
93 silly fetch manifest @humanfs/node@^0.16.6
94 silly packumentCache full:https://registry.npmjs.org/@humanfs%2fnode cache-miss
95 http fetch GET 200 https://registry.npmjs.org/eslint-scope 55ms (cache revalidated)
96 silly packumentCache full:https://registry.npmjs.org/eslint-scope set size:89295 disposed:false
97 silly fetch manifest @types/estree@^1.0.6
98 silly packumentCache full:https://registry.npmjs.org/@types%2festree cache-miss
99 http fetch GET 200 https://registry.npmjs.org/lodash.merge 53ms (cache revalidated)
100 silly packumentCache full:https://registry.npmjs.org/lodash.merge set size:78575 disposed:false
101 silly fetch manifest fast-deep-equal@^3.1.3
102 silly packumentCache full:https://registry.npmjs.org/fast-deep-equal cache-miss
103 http fetch GET 200 https://registry.npmjs.org/@types%2festree 62ms (cache revalidated)
104 silly packumentCache full:https://registry.npmjs.org/@types%2festree set size:74075 disposed:false
105 silly fetch manifest @eslint/eslintrc@^3.3.1
106 silly packumentCache full:https://registry.npmjs.org/@eslint%2feslintrc cache-miss
107 http fetch GET 200 https://registry.npmjs.org/@humanfs%2fnode 104ms (cache revalidated)
108 silly packumentCache full:https://registry.npmjs.org/@humanfs%2fnode set size:35754 disposed:false
109 silly fetch manifest file-entry-cache@^8.0.0
110 silly packumentCache full:https://registry.npmjs.org/file-entry-cache cache-miss
111 http fetch GET 200 https://registry.npmjs.org/fast-deep-equal 64ms (cache revalidated)
112 silly packumentCache full:https://registry.npmjs.org/fast-deep-equal set size:48634 disposed:false
113 silly fetch manifest @eslint/plugin-kit@^0.3.4
114 silly packumentCache full:https://registry.npmjs.org/@eslint%2fplugin-kit cache-miss
115 http fetch GET 200 https://registry.npmjs.org/@eslint%2feslintrc 82ms (cache revalidated)
116 silly packumentCache full:https://registry.npmjs.org/@eslint%2feslintrc set size:156464 disposed:false
117 silly fetch manifest @types/json-schema@^7.0.15
118 silly packumentCache full:https://registry.npmjs.org/@types%2fjson-schema cache-miss
119 http fetch GET 200 https://registry.npmjs.org/file-entry-cache 86ms (cache revalidated)
120 silly packumentCache full:https://registry.npmjs.org/file-entry-cache set size:110468 disposed:false
121 silly fetch manifest eslint-visitor-keys@^4.2.1
122 silly packumentCache full:https://registry.npmjs.org/eslint-visitor-keys cache-miss
123 http fetch GET 200 https://registry.npmjs.org/eslint-visitor-keys 65ms (cache revalidated)
124 silly packumentCache full:https://registry.npmjs.org/eslint-visitor-keys set size:65553 disposed:false
125 silly fetch manifest @eslint/config-array@^0.21.0
126 silly packumentCache full:https://registry.npmjs.org/@eslint%2fconfig-array cache-miss
127 http fetch GET 200 https://registry.npmjs.org/@types%2fjson-schema 89ms (cache revalidated)
128 silly packumentCache full:https://registry.npmjs.org/@types%2fjson-schema set size:44687 disposed:false
129 silly fetch manifest @humanwhocodes/retry@^0.4.2
130 silly packumentCache full:https://registry.npmjs.org/@humanwhocodes%2fretry cache-miss
131 http fetch GET 200 https://registry.npmjs.org/@eslint%2fplugin-kit 156ms (cache revalidated)
132 silly packumentCache full:https://registry.npmjs.org/@eslint%2fplugin-kit set size:48907 disposed:false
133 silly fetch manifest escape-string-regexp@^4.0.0
134 silly packumentCache full:https://registry.npmjs.org/escape-string-regexp cache-miss
135 http fetch GET 200 https://registry.npmjs.org/escape-string-regexp 75ms (cache revalidated)
136 silly packumentCache full:https://registry.npmjs.org/escape-string-regexp set size:22244 disposed:false
137 silly fetch manifest @eslint/config-helpers@^0.3.0
138 silly packumentCache full:https://registry.npmjs.org/@eslint%2fconfig-helpers cache-miss
139 http fetch GET 200 https://registry.npmjs.org/@eslint%2fconfig-array 104ms (cache revalidated)
140 silly packumentCache full:https://registry.npmjs.org/@eslint%2fconfig-array set size:48479 disposed:false
141 silly fetch manifest @humanwhocodes/module-importer@^1.0.1
142 silly packumentCache full:https://registry.npmjs.org/@humanwhocodes%2fmodule-importer cache-miss
143 http fetch GET 200 https://registry.npmjs.org/@humanwhocodes%2fretry 106ms (cache revalidated)
144 silly packumentCache full:https://registry.npmjs.org/@humanwhocodes%2fretry set size:42348 disposed:false
145 silly fetch manifest json-stable-stringify-without-jsonify@^1.0.1
146 silly packumentCache full:https://registry.npmjs.org/json-stable-stringify-without-jsonify cache-miss
147 http fetch GET 200 https://registry.npmjs.org/@eslint%2fconfig-helpers 68ms (cache revalidated)
148 silly packumentCache full:https://registry.npmjs.org/@eslint%2fconfig-helpers set size:22033 disposed:false
149 http fetch GET 200 https://registry.npmjs.org/json-stable-stringify-without-jsonify 65ms (cache revalidated)
150 silly packumentCache full:https://registry.npmjs.org/json-stable-stringify-without-jsonify set size:5808 disposed:false
151 http fetch GET 200 https://registry.npmjs.org/@humanwhocodes%2fmodule-importer 79ms (cache revalidated)
152 silly packumentCache full:https://registry.npmjs.org/@humanwhocodes%2fmodule-importer set size:9516 disposed:false
153 silly fetch manifest typescript@>=4.8.4 <5.9.0
154 silly packumentCache full:https://registry.npmjs.org/typescript cache-miss
155 http fetch GET 200 https://registry.npmjs.org/typescript 159ms (cache revalidated)
156 silly packumentCache full:https://registry.npmjs.org/typescript set size:14486456 disposed:false
157 silly placeDep ROOT typescript@5.8.3 OK for: @typescript-eslint/eslint-plugin@8.34.1 want: >=4.8.4 <5.9.0
158 silly fetch manifest sharp@^0.32.6
159 silly packumentCache full:https://registry.npmjs.org/sharp cache-miss
160 http fetch GET 200 https://registry.npmjs.org/sharp 57ms (cache revalidated)
161 silly packumentCache full:https://registry.npmjs.org/sharp set size:972854 disposed:false
162 verbose stack Error: could not resolve
162 verbose stack     at PlaceDep.failPeerConflict (/usr/local/lib/node_modules/npm/node_modules/@npmcli/arborist/lib/place-dep.js:503:25)
162 verbose stack     at new PlaceDep (/usr/local/lib/node_modules/npm/node_modules/@npmcli/arborist/lib/place-dep.js:157:21)
162 verbose stack     at #buildDepStep (/usr/local/lib/node_modules/npm/node_modules/@npmcli/arborist/lib/arborist/build-ideal-tree.js:933:18)
162 verbose stack     at async Arborist.buildIdealTree (/usr/local/lib/node_modules/npm/node_modules/@npmcli/arborist/lib/arborist/build-ideal-tree.js:182:7)
162 verbose stack     at async Promise.all (index 1)
162 verbose stack     at async Arborist.reify (/usr/local/lib/node_modules/npm/node_modules/@npmcli/arborist/lib/arborist/reify.js:126:5)
162 verbose stack     at async Install.exec (/usr/local/lib/node_modules/npm/lib/commands/install.js:150:5)
162 verbose stack     at async Npm.exec (/usr/local/lib/node_modules/npm/lib/npm.js:208:9)
162 verbose stack     at async module.exports (/usr/local/lib/node_modules/npm/lib/cli/entry.js:67:5)
163 error code ERESOLVE
164 error ERESOLVE could not resolve
165 error
166 error While resolving: @whiskeysockets/baileys@6.7.18
166 error Found: sharp@0.34.2[2m[22m
166 error [2mnode_modules/sharp[22m
166 error   sharp@"^0.34.2" from the root project
166 error
166 error Could not resolve dependency:
166 error peerOptional sharp@"^0.32.6" from @whiskeysockets/baileys@6.7.18[2m[22m
166 error [2mnode_modules/@whiskeysockets/baileys[22m
166 error   @whiskeysockets/baileys@"^6.7.18" from the root project
166 error
166 error Conflicting peer dependency: sharp@0.32.6[2m[22m
166 error [2mnode_modules/sharp[22m
166 error   peerOptional sharp@"^0.32.6" from @whiskeysockets/baileys@6.7.18[2m[22m
166 error   [2mnode_modules/@whiskeysockets/baileys[22m
166 error     @whiskeysockets/baileys@"^6.7.18" from the root project
166 error
166 error Fix the upstream dependency conflict, or retry
166 error this command with --force or --legacy-peer-deps
166 error to accept an incorrect (and potentially broken) dependency resolution.
167 error
167 error
167 error For a full report see:
167 error /home/container/.npm/_logs/2025-07-30T14_24_59_953Z-eresolve-report.txt
168 silly unfinished npm timer reify 1753885500987
169 silly unfinished npm timer reify:loadTrees 1753885500987
170 silly unfinished npm timer idealTree:buildDeps 1753885501133
171 silly unfinished npm timer idealTree:node_modules/@whiskeysockets/baileys 1753885502930
172 verbose cwd /home/container
173 verbose os Linux 6.11.5+bpo-amd64
174 verbose node v20.19.4
175 verbose npm  v11.5.1
176 verbose exit 1
177 verbose code 1
178 error A complete log of this run can be found in: /home/container/.npm/_logs/2025-07-30T14_24_59_953Z-debug-0.log
